Assembler report for beep
Thu Apr 14 00:10:41 2022
Quartus Prime Version 21.1.0 Build 842 10/21/2021 SJ Lite Edition


---------------------
; Table of Contents ;
---------------------
  1. Legal Notice
  2. Assembler Summary
  3. Assembler Settings
  4. Assembler Generated Files
  5. Assembler Device Options: beep.sof
  6. Assembler Device Options: beep.pof
  7. Assembler Messages



----------------
; Legal Notice ;
----------------
Copyright (C) 2021  Intel Corporation. All rights reserved.
Your use of Intel Corporation's design tools, logic functions 
and other software and tools, and any partner logic 
functions, and any output files from any of the foregoing 
(including device programming or simulation files), and any 
associated documentation or information are expressly subject 
to the terms and conditions of the Intel Program License 
Subscription Agreement, the Intel Quartus Prime License Agreement,
the Intel FPGA IP License Agreement, or other applicable license
agreement, including, without limitation, that your use is for
the sole purpose of programming logic devices manufactured by
Intel and sold by Intel or its authorized distributors.  Please
refer to the applicable agreement for further details, at
https://fpgasoftware.intel.com/eula.



+---------------------------------------------------------------+
; Assembler Summary                                             ;
+-----------------------+---------------------------------------+
; Assembler Status      ; Successful - Thu Apr 14 00:10:41 2022 ;
; Revision Name         ; beep                                  ;
; Top-level Entity Name ; beep                                  ;
; Family                ; Cyclone IV E                          ;
; Device                ; EP4CE6E22C8                           ;
+-----------------------+---------------------------------------+


+----------------------------------+
; Assembler Settings               ;
+--------+---------+---------------+
; Option ; Setting ; Default Value ;
+--------+---------+---------------+


+-----------------------------------------------------------------------------------------------------------+
; Assembler Generated Files                                                                                 ;
+-----------------------------------------------------------------------------------------------------------+
; File Name                                                                                                 ;
+-----------------------------------------------------------------------------------------------------------+
; /home/matt/workspace/Altera-Cyclone-IV-board-V3.0/Example code/Peripheral control 07 Buzzer/beep/beep.sof ;
; /home/matt/workspace/Altera-Cyclone-IV-board-V3.0/Example code/Peripheral control 07 Buzzer/beep/beep.pof ;
+-----------------------------------------------------------------------------------------------------------+


+------------------------------------+
; Assembler Device Options: beep.sof ;
+----------------+-------------------+
; Option         ; Setting           ;
+----------------+-------------------+
; JTAG usercode  ; 0xFFFFFFFF        ;
; Checksum       ; 0x00094C5B        ;
+----------------+-------------------+


+------------------------------------+
; Assembler Device Options: beep.pof ;
+--------------------+---------------+
; Option             ; Setting       ;
+--------------------+---------------+
; JTAG usercode      ; 0x00000000    ;
; Checksum           ; 0x0677D1C3    ;
; Compression Ratio  ; 3             ;
+--------------------+---------------+


+--------------------+
; Assembler Messages ;
+--------------------+
Info: *******************************************************************
Info: Running Quartus Prime Assembler
    Info: Version 21.1.0 Build 842 10/21/2021 SJ Lite Edition
    Info: Processing started: Thu Apr 14 00:10:40 2022
Info: Command: quartus_asm --read_settings_files=off --write_settings_files=off beep -c beep
Critical Warning (138069): Setting INCREMENTAL_COMPILATION to "OFF" is no longer supported. Assignment is ignored. To disable partitions, set the IGNORE_PARTITIONS global assignment to "ON" instead.
Warning (18236): Number of processors has not been specified which may cause overloading on shared machines.  Set the global assignment NUM_PARALLEL_PROCESSORS in your QSF to an appropriate value for best performance.
Info (115031): Writing out detailed assembly data for power analysis
Info (115030): Assembler is generating device programming files
Info: Quartus Prime Assembler was successful. 0 errors, 2 warnings
    Info: Peak virtual memory: 360 megabytes
    Info: Processing ended: Thu Apr 14 00:10:41 2022
    Info: Elapsed time: 00:00:01
    Info: Total CPU time (on all processors): 00:00:01


